[2021-06-21T11:09:15.125Z] [PAYTM] INFO [NODE-SDK1.0.0] <MerchantProperties>: initialize called
[2021-06-21T11:09:15.126Z] [PAYTM] INFO [NODE-SDK1.0.0] <MerchantProperties>: Setting Environment for PROD
[2021-06-21T11:09:15.127Z] [PAYTM] INFO [NODE-SDK:1.0.0:50f0fb89-4a4f-4ed8-8e19-84567db3019a] <Payment>: In getPaymentStatus PaymentStatusDetail: {"orderId":"3b801c6a-ca61-431b-b9e6-19809e9726df","readTimeout":80000}
[2021-06-21T11:09:15.127Z] [PAYTM] INFO [NODE-SDK:1.0.0:50f0fb89-4a4f-4ed8-8e19-84567db3019a] <Payment>: validatePaymentStatusDetailObject for request: {"orderId":"3b801c6a-ca61-431b-b9e6-19809e9726df","readTimeout":80000}
[2021-06-21T11:09:15.127Z] [PAYTM] INFO [NODE-SDK:1.0.0:50f0fb89-4a4f-4ed8-8e19-84567db3019a] <Payment>:  validatePaymentStatusDetailObject returns true 
[2021-06-21T11:09:15.127Z] [PAYTM] INFO [NODE-SDK:1.0.0:50f0fb89-4a4f-4ed8-8e19-84567db3019a] <CommonUtil>: In getSecureRequestHeader
[2021-06-21T11:09:15.127Z] [PAYTM] INFO [NODE-SDK:1.0.0:50f0fb89-4a4f-4ed8-8e19-84567db3019a] <Payment>: NativePaymentStatusRequest object {"head":{"version":"v2","channelId":null,"requestTimestamp":"1624273755127","workFlow":null,"signature":null},"body":{"mid":"iAXLTP63087608833868","orderId":"3b801c6a-ca61-431b-b9e6-19809e9726df"}}
[2021-06-21T11:09:15.128Z] [PAYTM] INFO [NODE-SDK:1.0.0:50f0fb89-4a4f-4ed8-8e19-84567db3019a] <EncDecUtil>: generateSignature() called
[2021-06-21T11:09:15.128Z] [PAYTM] INFO [NODE-SDK:1.0.0:50f0fb89-4a4f-4ed8-8e19-84567db3019a] <EncDecUtil>: generateRandomString() called
[2021-06-21T11:09:15.129Z] [PAYTM] INFO [NODE-SDK:1.0.0:50f0fb89-4a4f-4ed8-8e19-84567db3019a] <EncDecUtil>: generateSalt returns: 5zro
[2021-06-21T11:09:15.130Z] [PAYTM] INFO [NODE-SDK:1.0.0:50f0fb89-4a4f-4ed8-8e19-84567db3019a] <EncDecUtil>: getChecksumFromString returns: M69Q/kjh/VVmzdVsM07lfsIduzNoGhI0zhOcjO3lYOnOlMo5ZGKXXDobT3hc9hEvEdC+Wxq4ejHxYqGab5vNYxpFUd5az5uqsQlr4e+namM=
[2021-06-21T11:09:15.130Z] [PAYTM] INFO [NODE-SDK:1.0.0:50f0fb89-4a4f-4ed8-8e19-84567db3019a] <Request>: process for request: {"head":{"version":"v2","channelId":null,"requestTimestamp":"1624273755127","workFlow":null,"signature":"M69Q/kjh/VVmzdVsM07lfsIduzNoGhI0zhOcjO3lYOnOlMo5ZGKXXDobT3hc9hEvEdC+Wxq4ejHxYqGab5vNYxpFUd5az5uqsQlr4e+namM="},"body":{"mid":"iAXLTP63087608833868","orderId":"3b801c6a-ca61-431b-b9e6-19809e9726df"}}
[2021-06-21T11:09:15.131Z] [PAYTM] INFO [NODE-SDK:1.0.0:50f0fb89-4a4f-4ed8-8e19-84567db3019a] <Request>: executeCurl called 
[2021-06-21T11:09:15.131Z] [PAYTM] INFO [NODE-SDK:1.0.0:50f0fb89-4a4f-4ed8-8e19-84567db3019a] <Request>: will make API call to: https://securegw.paytm.in/merchant-status/api/v1/getPaymentStatus
[2021-06-21T11:09:15.336Z] [PAYTM] INFO [NODE-SDK:1.0.0:50f0fb89-4a4f-4ed8-8e19-84567db3019a] <Request>: API response received upon successful execution: {"head":{"responseTimestamp":"1624273755436","version":"v1","signature":"ScxmJ0mILhFdoC6cORIA4quJijuoMTzqKUk1LStR2voKYctT0uVUUU1Q+HfEi2KFc5mJ8MXy/oEfU67C9vIuxUc+6OYMQlUpWhvhvPIU1gI="},"body":{"resultInfo":{"resultStatus":"TXN_SUCCESS","resultCode":"01","resultMsg":"Txn Success"},"txnId":"20210619111212800110168739714498078","bankTxnId":"160106132415","orderId":"3b801c6a-ca61-431b-b9e6-19809e9726df","txnAmount":"1230.00","txnType":"SALE","gatewayName":"WALLET","bankName":"WALLET","mid":"iAXLTP63087608833868","paymentMode":"PPI","refundAmt":"0.00","txnDate":"2021-06-19 12:06:23.0"}}
[2021-06-21T11:09:15.337Z] [PAYTM] INFO [NODE-SDK:1.0.0:50f0fb89-4a4f-4ed8-8e19-84567db3019a] <Request>: Raw Response: {"head":{"responseTimestamp":"1624273755436","version":"v1","signature":"ScxmJ0mILhFdoC6cORIA4quJijuoMTzqKUk1LStR2voKYctT0uVUUU1Q+HfEi2KFc5mJ8MXy/oEfU67C9vIuxUc+6OYMQlUpWhvhvPIU1gI="},"body":{"resultInfo":{"resultStatus":"TXN_SUCCESS","resultCode":"01","resultMsg":"Txn Success"},"txnId":"20210619111212800110168739714498078","bankTxnId":"160106132415","orderId":"3b801c6a-ca61-431b-b9e6-19809e9726df","txnAmount":"1230.00","txnType":"SALE","gatewayName":"WALLET","bankName":"WALLET","mid":"iAXLTP63087608833868","paymentMode":"PPI","refundAmt":"0.00","txnDate":"2021-06-19 12:06:23.0"}}
[2021-06-21T11:09:15.338Z] [PAYTM] INFO [NODE-SDK:1.0.0:50f0fb89-4a4f-4ed8-8e19-84567db3019a] <Request>: Response Data Object: {"head":{"signature":"ScxmJ0mILhFdoC6cORIA4quJijuoMTzqKUk1LStR2voKYctT0uVUUU1Q+HfEi2KFc5mJ8MXy/oEfU67C9vIuxUc+6OYMQlUpWhvhvPIU1gI=","responseTimestamp":"1624273755436","version":"v1"},"body":{"txnId":"20210619111212800110168739714498078","bankTxnId":"160106132415","orderId":"3b801c6a-ca61-431b-b9e6-19809e9726df","txnAmount":"1230.00","txnType":"SALE","gatewayName":"WALLET","bankName":"WALLET","mid":"iAXLTP63087608833868","paymentMode":"PPI","refundAmt":"0.00","txnDate":"2021-06-19 12:06:23.0","resultInfo":{"resultStatus":"TXN_SUCCESS","resultMsg":"Txn Success","resultCode":"01"},"extraParamsMap":{}}}
[2021-06-21T11:09:15.339Z] [PAYTM] INFO [NODE-SDK:1.0.0:50f0fb89-4a4f-4ed8-8e19-84567db3019a] <Request>: validating signature 
[2021-06-21T11:09:15.339Z] [PAYTM] INFO [NODE-SDK:1.0.0:50f0fb89-4a4f-4ed8-8e19-84567db3019a] <EncDecUtil>: verifyChecksumByString called()
[2021-06-21T11:09:15.339Z] [PAYTM] INFO [NODE-SDK:1.0.0:50f0fb89-4a4f-4ed8-8e19-84567db3019a] <EncDecUtil>: verifyChecksumByString returns: true
[2021-06-21T11:09:15.339Z] [PAYTM] INFO [NODE-SDK:1.0.0:50f0fb89-4a4f-4ed8-8e19-84567db3019a] <Request>: signature validation passed 
[2021-06-21T11:09:15.339Z] [PAYTM] INFO [NODE-SDK:1.0.0:50f0fb89-4a4f-4ed8-8e19-84567db3019a] <Request>: Execution completed with raw json response: {"head":{"responseTimestamp":"1624273755436","version":"v1","signature":"ScxmJ0mILhFdoC6cORIA4quJijuoMTzqKUk1LStR2voKYctT0uVUUU1Q+HfEi2KFc5mJ8MXy/oEfU67C9vIuxUc+6OYMQlUpWhvhvPIU1gI="},"body":{"resultInfo":{"resultStatus":"TXN_SUCCESS","resultCode":"01","resultMsg":"Txn Success"},"txnId":"20210619111212800110168739714498078","bankTxnId":"160106132415","orderId":"3b801c6a-ca61-431b-b9e6-19809e9726df","txnAmount":"1230.00","txnType":"SALE","gatewayName":"WALLET","bankName":"WALLET","mid":"iAXLTP63087608833868","paymentMode":"PPI","refundAmt":"0.00","txnDate":"2021-06-19 12:06:23.0"}}
[2021-06-21T11:09:18.408Z] [PAYTM] INFO [NODE-SDK1.0.0] <MerchantProperties>: initialize called
[2021-06-21T11:09:18.409Z] [PAYTM] INFO [NODE-SDK1.0.0] <MerchantProperties>: Setting Environment for PROD
[2021-06-21T11:09:18.409Z] [PAYTM] INFO [NODE-SDK:1.0.0:1b668441-edf6-407d-8257-6d4f4edf65b1] <Payment>: In getPaymentStatus PaymentStatusDetail: {"orderId":"3b801c6a-ca61-431b-b9e6-19809e9726df","readTimeout":80000}
[2021-06-21T11:09:18.409Z] [PAYTM] INFO [NODE-SDK:1.0.0:1b668441-edf6-407d-8257-6d4f4edf65b1] <Payment>: validatePaymentStatusDetailObject for request: {"orderId":"3b801c6a-ca61-431b-b9e6-19809e9726df","readTimeout":80000}
[2021-06-21T11:09:18.409Z] [PAYTM] INFO [NODE-SDK:1.0.0:1b668441-edf6-407d-8257-6d4f4edf65b1] <Payment>:  validatePaymentStatusDetailObject returns true 
[2021-06-21T11:09:18.410Z] [PAYTM] INFO [NODE-SDK:1.0.0:1b668441-edf6-407d-8257-6d4f4edf65b1] <CommonUtil>: In getSecureRequestHeader
[2021-06-21T11:09:18.410Z] [PAYTM] INFO [NODE-SDK:1.0.0:1b668441-edf6-407d-8257-6d4f4edf65b1] <Payment>: NativePaymentStatusRequest object {"head":{"version":"v2","channelId":null,"requestTimestamp":"1624273758410","workFlow":null,"signature":null},"body":{"mid":"iAXLTP63087608833868","orderId":"3b801c6a-ca61-431b-b9e6-19809e9726df"}}
[2021-06-21T11:09:18.410Z] [PAYTM] INFO [NODE-SDK:1.0.0:1b668441-edf6-407d-8257-6d4f4edf65b1] <EncDecUtil>: generateSignature() called
[2021-06-21T11:09:18.410Z] [PAYTM] INFO [NODE-SDK:1.0.0:1b668441-edf6-407d-8257-6d4f4edf65b1] <EncDecUtil>: generateRandomString() called
[2021-06-21T11:09:18.412Z] [PAYTM] INFO [NODE-SDK:1.0.0:1b668441-edf6-407d-8257-6d4f4edf65b1] <EncDecUtil>: generateSalt returns: zJKv
[2021-06-21T11:09:18.413Z] [PAYTM] INFO [NODE-SDK:1.0.0:1b668441-edf6-407d-8257-6d4f4edf65b1] <EncDecUtil>: getChecksumFromString returns: YPA316xBRM+e7IsvoXPdSP9QRstkZb701Cl4Jk3ce46Cj0qSPUbhQrQn006XDn8gQ4qOc8aZywCKUUChzitDEZ0ULEG53XRZkATD1a/Kt34=
[2021-06-21T11:09:18.413Z] [PAYTM] INFO [NODE-SDK:1.0.0:1b668441-edf6-407d-8257-6d4f4edf65b1] <Request>: process for request: {"head":{"version":"v2","channelId":null,"requestTimestamp":"1624273758410","workFlow":null,"signature":"YPA316xBRM+e7IsvoXPdSP9QRstkZb701Cl4Jk3ce46Cj0qSPUbhQrQn006XDn8gQ4qOc8aZywCKUUChzitDEZ0ULEG53XRZkATD1a/Kt34="},"body":{"mid":"iAXLTP63087608833868","orderId":"3b801c6a-ca61-431b-b9e6-19809e9726df"}}
[2021-06-21T11:09:18.413Z] [PAYTM] INFO [NODE-SDK:1.0.0:1b668441-edf6-407d-8257-6d4f4edf65b1] <Request>: executeCurl called 
[2021-06-21T11:09:18.413Z] [PAYTM] INFO [NODE-SDK:1.0.0:1b668441-edf6-407d-8257-6d4f4edf65b1] <Request>: will make API call to: https://securegw.paytm.in/merchant-status/api/v1/getPaymentStatus
[2021-06-21T11:09:18.583Z] [PAYTM] INFO [NODE-SDK:1.0.0:1b668441-edf6-407d-8257-6d4f4edf65b1] <Request>: API response received upon successful execution: {"head":{"responseTimestamp":"1624273758625","version":"v1","signature":"wxhurcWGt9kGo4ROQL2wFh1XzZhP4DMJK6EVa8hC8Z8JVG+TkPcdueStjVbGJVFDc1KaFjwF1ZFJ/8CvCrF7wYwXGUAhRZ1ET4udFKrkAtg="},"body":{"resultInfo":{"resultStatus":"TXN_SUCCESS","resultCode":"01","resultMsg":"Txn Success"},"txnId":"20210619111212800110168739714498078","bankTxnId":"160106132415","orderId":"3b801c6a-ca61-431b-b9e6-19809e9726df","txnAmount":"1230.00","txnType":"SALE","gatewayName":"WALLET","bankName":"WALLET","mid":"iAXLTP63087608833868","paymentMode":"PPI","refundAmt":"0.00","txnDate":"2021-06-19 12:06:23.0"}}
[2021-06-21T11:09:18.584Z] [PAYTM] INFO [NODE-SDK:1.0.0:1b668441-edf6-407d-8257-6d4f4edf65b1] <Request>: Raw Response: {"head":{"responseTimestamp":"1624273758625","version":"v1","signature":"wxhurcWGt9kGo4ROQL2wFh1XzZhP4DMJK6EVa8hC8Z8JVG+TkPcdueStjVbGJVFDc1KaFjwF1ZFJ/8CvCrF7wYwXGUAhRZ1ET4udFKrkAtg="},"body":{"resultInfo":{"resultStatus":"TXN_SUCCESS","resultCode":"01","resultMsg":"Txn Success"},"txnId":"20210619111212800110168739714498078","bankTxnId":"160106132415","orderId":"3b801c6a-ca61-431b-b9e6-19809e9726df","txnAmount":"1230.00","txnType":"SALE","gatewayName":"WALLET","bankName":"WALLET","mid":"iAXLTP63087608833868","paymentMode":"PPI","refundAmt":"0.00","txnDate":"2021-06-19 12:06:23.0"}}
[2021-06-21T11:09:18.586Z] [PAYTM] INFO [NODE-SDK:1.0.0:1b668441-edf6-407d-8257-6d4f4edf65b1] <Request>: Response Data Object: {"head":{"signature":"wxhurcWGt9kGo4ROQL2wFh1XzZhP4DMJK6EVa8hC8Z8JVG+TkPcdueStjVbGJVFDc1KaFjwF1ZFJ/8CvCrF7wYwXGUAhRZ1ET4udFKrkAtg=","responseTimestamp":"1624273758625","version":"v1"},"body":{"txnId":"20210619111212800110168739714498078","bankTxnId":"160106132415","orderId":"3b801c6a-ca61-431b-b9e6-19809e9726df","txnAmount":"1230.00","txnType":"SALE","gatewayName":"WALLET","bankName":"WALLET","mid":"iAXLTP63087608833868","paymentMode":"PPI","refundAmt":"0.00","txnDate":"2021-06-19 12:06:23.0","resultInfo":{"resultStatus":"TXN_SUCCESS","resultMsg":"Txn Success","resultCode":"01"},"extraParamsMap":{}}}
[2021-06-21T11:09:18.586Z] [PAYTM] INFO [NODE-SDK:1.0.0:1b668441-edf6-407d-8257-6d4f4edf65b1] <Request>: validating signature 
[2021-06-21T11:09:18.587Z] [PAYTM] INFO [NODE-SDK:1.0.0:1b668441-edf6-407d-8257-6d4f4edf65b1] <EncDecUtil>: verifyChecksumByString called()
[2021-06-21T11:09:18.587Z] [PAYTM] INFO [NODE-SDK:1.0.0:1b668441-edf6-407d-8257-6d4f4edf65b1] <EncDecUtil>: verifyChecksumByString returns: true
[2021-06-21T11:09:18.587Z] [PAYTM] INFO [NODE-SDK:1.0.0:1b668441-edf6-407d-8257-6d4f4edf65b1] <Request>: signature validation passed 
[2021-06-21T11:09:18.588Z] [PAYTM] INFO [NODE-SDK:1.0.0:1b668441-edf6-407d-8257-6d4f4edf65b1] <Request>: Execution completed with raw json response: {"head":{"responseTimestamp":"1624273758625","version":"v1","signature":"wxhurcWGt9kGo4ROQL2wFh1XzZhP4DMJK6EVa8hC8Z8JVG+TkPcdueStjVbGJVFDc1KaFjwF1ZFJ/8CvCrF7wYwXGUAhRZ1ET4udFKrkAtg="},"body":{"resultInfo":{"resultStatus":"TXN_SUCCESS","resultCode":"01","resultMsg":"Txn Success"},"txnId":"20210619111212800110168739714498078","bankTxnId":"160106132415","orderId":"3b801c6a-ca61-431b-b9e6-19809e9726df","txnAmount":"1230.00","txnType":"SALE","gatewayName":"WALLET","bankName":"WALLET","mid":"iAXLTP63087608833868","paymentMode":"PPI","refundAmt":"0.00","txnDate":"2021-06-19 12:06:23.0"}}
